Cadence Genus(TM) Synthesis Solution.
Copyright 2023 Cadence Design Systems, Inc. All rights reserved worldwide.
Cadence and the Cadence logo are registered trademarks and Genus is a trademark
of Cadence Design Systems, Inc. in the United States and other countries.

[12:18:47.445881] Configured Lic search path (21.01-s002): 5280@192.168.32.10

Version: 22.12-s082_1, built Sat May 06 04:39:19 PDT 2023
Options: 
Date:    Tue Aug 20 12:18:47 2024
Host:    edabk.server1 (x86_64 w/Linux 3.10.0-1160.108.1.el7.x86_64) (24cores*48cpus*2physical cpus*AMD EPYC 7402 24-Core Processor 512KB) (395944776KB)
PID:     45912
OS:      CentOS Linux release 7.9.2009 (Core)

Checking out license: Genus_Synthesis
[12:18:48.244625] Periodic Lic check successful
[12:18:48.244632] Feature usage summary:
[12:18:48.244633] Genus_Synthesis



***********************************************************************************************************
***********************************************************************************************************



Finished executable startup (2 seconds elapsed).

Loading tool scripts...
Finished loading tool scripts (12 seconds elapsed).

WARNING: This version of the tool is 471 days old.
@genus:root: 1> source genus_script_IBEX.tcl
Sourcing './genus_script_IBEX.tcl' (Tue Aug 20 12:19:15 +07 2024)...
#@ Begin verbose source ./genus_script_IBEX.tcl
@file(genus_script_IBEX.tcl) 2: set fd_sclib ../../sky130_fd_sc_hd/lib
@file(genus_script_IBEX.tcl) 3: set osu_t18lib ../../sky130_osu_sc_t18/18T_hs/lib
@file(genus_script_IBEX.tcl) 4: set osu_t12lib ../../sky130_osu_sc_t12/12T_hs/lib
@file(genus_script_IBEX.tcl) 5: set_db init_lib_search_path [list $fd_sclib $osu_t18lib $osu_t12lib]
  Setting attribute of root '/': 'init_lib_search_path' = ../../sky130_fd_sc_hd/lib ../../sky130_osu_sc_t18/18T_hs/lib ../../sky130_osu_sc_t12/12T_hs/lib
@file(genus_script_IBEX.tcl) 7: set search_path [list "./" ]
@file(genus_script_IBEX.tcl) 8: lappend search_path $fd_sclib
@file(genus_script_IBEX.tcl) 9: lappend search_path $osu_t18lib 
@file(genus_script_IBEX.tcl) 10: lappend search_path $osu_t12lib 
@file(genus_script_IBEX.tcl) 11: lappend search_path /home/usr8/work_space/sky130_cds/synth/rtl_IBEX
@file(genus_script_IBEX.tcl) 13: set_db init_hdl_search_path $search_path
  Setting attribute of root '/': 'init_hdl_search_path' = ./ ../../sky130_fd_sc_hd/lib ../../sky130_osu_sc_t18/18T_hs/lib ../../sky130_osu_sc_t12/12T_hs/lib /home/usr8/work_space/sky130_cds/synth/rtl_IBEX
@file(genus_script_IBEX.tcl) 16: read_libs [list sky130_fd_sc_hd__tt_100C_1v80.lib sky130_osu_sc_18T_hs_tt_1P80_100C.ccs.lib]

  Message Summary for Library both libraries:
  *******************************************
  An unsupported construct was detected in this library. [LBR-40]: 13
  *******************************************
 
Info    : Created nominal operating condition. [LBR-412]
        : Operating condition '_nominal_' was created for the PVT values (1.000000, 1.800000, 100.000000) in library 'sky130_fd_sc_hd__tt_100C_1v80.lib'.
        : The nominal operating condition is represented, either by the nominal PVT values specified in the library source (via nom_process,nom_voltage and nom_temperature respectively), or by the default PVT values (1.0,1.0,1.0).
Info    : Created nominal operating condition. [LBR-412]
        : Operating condition '_nominal_' was created for the PVT values (1.000000, 1.800000, 100.000000) in library 'sky130_osu_sc_18T_hs_tt_1P80_100C.ccs.lib'.
Warning : Library cell has no output pins defined. [LBR-9]
        : Library cell 'sky130_osu_sc_18T_hs__ant' must have an output pin.
        : Add the missing output pin(s), then reload the library. Else the library cell will be marked as timing model i.e. unusable. Timing_model means that the cell does not have any defined function. If there is no output pin, Genus will mark library cell as unusable i.e. the attribute 'usable' will be marked to 'false' on the libcell. Therefore, the cell is not used for mapping and it will not be picked up from the library for synthesis. If you query the attribute 'unusable_reason' on the libcell; result will be: 'Library cell has no output pins.'Note: The message LBR-9 is only for the logical pins and not for the power_ground pins. Genus will depend upon the output function defined in the pin group (output pin) of the cell, to use it for mapping. The pg_pin will not have any function defined.
Warning : Library cell has no output pins defined. [LBR-9]
        : Library cell 'sky130_osu_sc_18T_hs__ant' must have an output pin.
Warning : Library cell has no output pins defined. [LBR-9]
        : Library cell 'sky130_fd_sc_hd__decap_12' must have an output pin.
Warning : Library cell has no output pins defined. [LBR-9]
        : Library cell 'sky130_fd_sc_hd__decap_12' must have an output pin.
Warning : Library cell has no output pins defined. [LBR-9]
        : Library cell 'sky130_fd_sc_hd__decap_3' must have an output pin.
Warning : Library cell has no output pins defined. [LBR-9]
        : Library cell 'sky130_fd_sc_hd__decap_3' must have an output pin.
Warning : Library cell has no output pins defined. [LBR-9]
        : Library cell 'sky130_fd_sc_hd__decap_4' must have an output pin.
Warning : Library cell has no output pins defined. [LBR-9]
        : Library cell 'sky130_fd_sc_hd__decap_4' must have an output pin.
Warning : Library cell has no output pins defined. [LBR-9]
        : Library cell 'sky130_fd_sc_hd__decap_6' must have an output pin.
Warning : Library cell has no output pins defined. [LBR-9]
        : Library cell 'sky130_fd_sc_hd__decap_6' must have an output pin.
Warning : Library cell has no output pins defined. [LBR-9]
        : Library cell 'sky130_fd_sc_hd__decap_8' must have an output pin.
Warning : Library cell has no output pins defined. [LBR-9]
        : Library cell 'sky130_fd_sc_hd__decap_8' must have an output pin.
Warning : Library cell has no output pins defined. [LBR-9]
        : Library cell 'sky130_fd_sc_hd__diode_2' must have an output pin.
Warning : Library cell has no output pins defined. [LBR-9]
        : Library cell 'sky130_fd_sc_hd__diode_2' must have an output pin.
Warning : Library cell has no output pins defined. [LBR-9]
        : Library cell 'sky130_fd_sc_hd__lpflow_bleeder_1' must have an output pin.
Warning : Library cell has no output pins defined. [LBR-9]
        : Library cell 'sky130_fd_sc_hd__lpflow_bleeder_1' must have an output pin.
Warning : Library cell has no output pins defined. [LBR-9]
        : Library cell 'sky130_fd_sc_hd__lpflow_decapkapwr_12' must have an output pin.
Warning : Library cell has no output pins defined. [LBR-9]
        : Library cell 'sky130_fd_sc_hd__lpflow_decapkapwr_12' must have an output pin.
Warning : Library cell has no output pins defined. [LBR-9]
        : Library cell 'sky130_fd_sc_hd__lpflow_decapkapwr_3' must have an output pin.
Warning : Library cell has no output pins defined. [LBR-9]
        : Library cell 'sky130_fd_sc_hd__lpflow_decapkapwr_3' must have an output pin.
Warning : Maximum message print count reached. [MESG-11]
        : Maximum print count of '20' reached for message 'LBR-9'.
@file(genus_script_IBEX.tcl) 19: set my_verilog_files [list ibex_alu.sv ibex_branch_predict.sv ibex_compressed_decoder.sv ibex_controller.sv ibex_cs_registers.sv ibex_csr.sv ibex_counter.sv ibex_decoder.sv ibex_ex_block.sv ibex_fetch_fifo.sv ibex_id_stage.sv ibex_if_stage.sv ibex_load_store_unit.sv ibex_multdiv_fast.sv ibex_multdiv_slow.sv ibex_prefetch_buffer.sv ibex_pmp.sv ibex_wb_stage.sv ibex_dummy_instr.sv ibex_core.sv ] 
@file(genus_script_IBEX.tcl) 21: set my_toplevel "ibex_core"
@file(genus_script_IBEX.tcl) 22: read_hdl -language sv $my_verilog_files
  parameter ibex_pkg::rv32b_e RV32B = ibex_pkg::RV32BNone
                            |
Error   : Parsing error. [VLOGPT-1] [read_hdl]
        : Expecting identifier in file '/home/usr8/work_space/sky130_cds/synth/rtl_IBEX/ibex_alu.sv' on line 10, column 29.
        : Invalid Verilog syntax is parsed, or unsupported Verilog syntax is encountered.
  parameter ibex_pkg::rv32b_e RV32B = ibex_pkg::RV32BNone
                                               |
Error   : Parsing error. [VLOGPT-1] [read_hdl]
        : Bad or unsupported package prefix 'ibex_pkg' in file '/home/usr8/work_space/sky130_cds/synth/rtl_IBEX/ibex_alu.sv' on line 10, column 48.
  input  ibex_pkg::alu_op_e operator_i,
                  |
Error   : Redeclared variable. [VLOGPT-22] [read_hdl]
        : Redeclaration of 'ibex_pkg' in file '/home/usr8/work_space/sky130_cds/synth/rtl_IBEX/ibex_alu.sv' on line 12, column 19.
        : A variable cannot be redeclared in the same scope. Check the reported RTL file and remove duplicate declarations.
  input  ibex_pkg::alu_op_e operator_i,
                  |
Error   : Parsing error. [VLOGPT-1] [read_hdl]
        : Expecting token ')', found '::' in file '/home/usr8/work_space/sky130_cds/synth/rtl_IBEX/ibex_alu.sv' on line 12, column 19.
  input  ibex_pkg::alu_op_e operator_i,
                  |
Error   : Parsing error. [VLOGPT-1] [read_hdl]
        : Expecting token ';', found '::' in file '/home/usr8/work_space/sky130_cds/synth/rtl_IBEX/ibex_alu.sv' on line 12, column 19.
  import ibex_pkg::*;
                |
Error   : The referenced package does not exist.. [VLOGPT-28] [read_hdl]
        : Reference to non-existent package 'ibex_pkg' in file '/home/usr8/work_space/sky130_cds/synth/rtl_IBEX/ibex_alu.sv' on line 34, column 17.
        : The referenced package does not exist in the same HDL library.
    unique case (operator_i)
                 |
Error   : Reference to undeclared variable. A variable/parameter must be declared before it is referenced. [VLOGPT-20] [read_hdl]
        : Symbol 'operator_i' in file '/home/usr8/work_space/sky130_cds/synth/rtl_IBEX/ibex_alu.sv' on line 60, column 18.
        : Verilog module is using a parameter that is not defined in the module. You will get a notification for this, if you read the verilog file using the read_hdl command.
      ALU_SUB,
      |
Error   : Reference to undeclared variable. A variable/parameter must be declared before it is referenced. [VLOGPT-20] [read_hdl]
        : Symbol 'ALU_SUB' in file '/home/usr8/work_space/sky130_cds/synth/rtl_IBEX/ibex_alu.sv' on line 62, column 7.
      ALU_EQ,   ALU_NE,
      |
Error   : Reference to undeclared variable. A variable/parameter must be declared before it is referenced. [VLOGPT-20] [read_hdl]
        : Symbol 'ALU_EQ' in file '/home/usr8/work_space/sky130_cds/synth/rtl_IBEX/ibex_alu.sv' on line 65, column 7.
      ALU_EQ,   ALU_NE,
                |
Error   : Reference to undeclared variable. A variable/parameter must be declared before it is referenced. [VLOGPT-20] [read_hdl]
        : Symbol 'ALU_NE' in file '/home/usr8/work_space/sky130_cds/synth/rtl_IBEX/ibex_alu.sv' on line 65, column 17.
      ALU_GE,   ALU_GEU,
      |
Error   : Reference to undeclared variable. A variable/parameter must be declared before it is referenced. [VLOGPT-20] [read_hdl]
        : Symbol 'ALU_GE' in file '/home/usr8/work_space/sky130_cds/synth/rtl_IBEX/ibex_alu.sv' on line 66, column 7.
      ALU_GE,   ALU_GEU,
                |
Error   : Reference to undeclared variable. A variable/parameter must be declared before it is referenced. [VLOGPT-20] [read_hdl]
        : Symbol 'ALU_GEU' in file '/home/usr8/work_space/sky130_cds/synth/rtl_IBEX/ibex_alu.sv' on line 66, column 17.
      ALU_LT,   ALU_LTU,
      |
Error   : Reference to undeclared variable. A variable/parameter must be declared before it is referenced. [VLOGPT-20] [read_hdl]
        : Symbol 'ALU_LT' in file '/home/usr8/work_space/sky130_cds/synth/rtl_IBEX/ibex_alu.sv' on line 67, column 7.
      ALU_LT,   ALU_LTU,
                |
Error   : Reference to undeclared variable. A variable/parameter must be declared before it is referenced. [VLOGPT-20] [read_hdl]
        : Symbol 'ALU_LTU' in file '/home/usr8/work_space/sky130_cds/synth/rtl_IBEX/ibex_alu.sv' on line 67, column 17.
      ALU_SLT,  ALU_SLTU,
      |
Error   : Reference to undeclared variable. A variable/parameter must be declared before it is referenced. [VLOGPT-20] [read_hdl]
        : Symbol 'ALU_SLT' in file '/home/usr8/work_space/sky130_cds/synth/rtl_IBEX/ibex_alu.sv' on line 68, column 7.
      ALU_SLT,  ALU_SLTU,
                |
Error   : Reference to undeclared variable. A variable/parameter must be declared before it is referenced. [VLOGPT-20] [read_hdl]
        : Symbol 'ALU_SLTU' in file '/home/usr8/work_space/sky130_cds/synth/rtl_IBEX/ibex_alu.sv' on line 68, column 17.
      ALU_MIN,  ALU_MINU,
      |
Error   : Reference to undeclared variable. A variable/parameter must be declared before it is referenced. [VLOGPT-20] [read_hdl]
        : Symbol 'ALU_MIN' in file '/home/usr8/work_space/sky130_cds/synth/rtl_IBEX/ibex_alu.sv' on line 71, column 7.
      ALU_MIN,  ALU_MINU,
                |
Error   : Reference to undeclared variable. A variable/parameter must be declared before it is referenced. [VLOGPT-20] [read_hdl]
        : Symbol 'ALU_MINU' in file '/home/usr8/work_space/sky130_cds/synth/rtl_IBEX/ibex_alu.sv' on line 71, column 17.
      ALU_MAX,  ALU_MAXU: adder_op_b_negate = 1'b1;
      |
Error   : Reference to undeclared variable. A variable/parameter must be declared before it is referenced. [VLOGPT-20] [read_hdl]
        : Symbol 'ALU_MAX' in file '/home/usr8/work_space/sky130_cds/synth/rtl_IBEX/ibex_alu.sv' on line 72, column 7.
      ALU_MAX,  ALU_MAXU: adder_op_b_negate = 1'b1;
                |
Error   : Reference to undeclared variable. A variable/parameter must be declared before it is referenced. [VLOGPT-20] [read_hdl]
        : Symbol 'ALU_MAXU' in file '/home/usr8/work_space/sky130_cds/synth/rtl_IBEX/ibex_alu.sv' on line 72, column 17.
      ALU_MAX,  ALU_MAXU: adder_op_b_negate = 1'b1;
                                              |
Error   : Parsing error. [VLOGPT-1] [read_hdl]
        : Expecting token ';', found 'number' in file '/home/usr8/work_space/sky130_cds/synth/rtl_IBEX/ibex_alu.sv' on line 72, column 47.
      ALU_SH1ADD: if (RV32B != RV32BNone) adder_op_a_shift1 = 1'b1;
                |
Error   : Parsing error. [VLOGPT-1] [read_hdl]
        : Expecting a statement in file '/home/usr8/work_space/sky130_cds/synth/rtl_IBEX/ibex_alu.sv' on line 75, column 17.
      ALU_SH1ADD: if (RV32B != RV32BNone) adder_op_a_shift1 = 1'b1;
                             |
Error   : Parsing error. [VLOGPT-1] [read_hdl]
        : Expecting a statement in file '/home/usr8/work_space/sky130_cds/synth/rtl_IBEX/ibex_alu.sv' on line 75, column 30.
      ALU_SH1ADD: if (RV32B != RV32BNone) adder_op_a_shift1 = 1'b1;
                                                            |
Error   : Parsing error. [VLOGPT-1] [read_hdl]
        : Expecting a statement in file '/home/usr8/work_space/sky130_cds/synth/rtl_IBEX/ibex_alu.sv' on line 75, column 61.
      ALU_SH1ADD: if (RV32B != RV32BNone) adder_op_a_shift1 = 1'b1;
                                                              |
Error   : Parsing error. [VLOGPT-1] [read_hdl]
        : Expecting a statement in file '/home/usr8/work_space/sky130_cds/synth/rtl_IBEX/ibex_alu.sv' on line 75, column 63.
      ALU_SH1ADD: if (RV32B != RV32BNone) adder_op_a_shift1 = 1'b1;
                                                                |
Error   : Parsing error. [VLOGPT-1] [read_hdl]
        : Expecting a statement in file '/home/usr8/work_space/sky130_cds/synth/rtl_IBEX/ibex_alu.sv' on line 75, column 65.
      ALU_SH1ADD: if (RV32B != RV32BNone) adder_op_a_shift1 = 1'b1;
                                                                 |
Error   : Parsing error. [VLOGPT-1] [read_hdl]
        : Expecting a statement in file '/home/usr8/work_space/sky130_cds/synth/rtl_IBEX/ibex_alu.sv' on line 75, column 66.
      ALU_SH2ADD: if (RV32B != RV32BNone) adder_op_a_shift2 = 1'b1;
                |
Error   : Parsing error. [VLOGPT-1] [read_hdl]
        : Expecting a statement in file '/home/usr8/work_space/sky130_cds/synth/rtl_IBEX/ibex_alu.sv' on line 76, column 17.
      ALU_SH2ADD: if (RV32B != RV32BNone) adder_op_a_shift2 = 1'b1;
                             |
Error   : Parsing error. [VLOGPT-1] [read_hdl]
        : Expecting a statement in file '/home/usr8/work_space/sky130_cds/synth/rtl_IBEX/ibex_alu.sv' on line 76, column 30.
      ALU_SH2ADD: if (RV32B != RV32BNone) adder_op_a_shift2 = 1'b1;
                                                            |
Error   : Parsing error. [VLOGPT-1] [read_hdl]
        : Expecting a statement in file '/home/usr8/work_space/sky130_cds/synth/rtl_IBEX/ibex_alu.sv' on line 76, column 61.
      ALU_SH2ADD: if (RV32B != RV32BNone) adder_op_a_shift2 = 1'b1;
                                                              |
Error   : Parsing error. [VLOGPT-1] [read_hdl]
        : Expecting a statement in file '/home/usr8/work_space/sky130_cds/synth/rtl_IBEX/ibex_alu.sv' on line 76, column 63.
      ALU_SH2ADD: if (RV32B != RV32BNone) adder_op_a_shift2 = 1'b1;
                                                                |
Error   : Parsing error. [VLOGPT-1] [read_hdl]
        : Expecting a statement in file '/home/usr8/work_space/sky130_cds/synth/rtl_IBEX/ibex_alu.sv' on line 76, column 65.
      ALU_SH2ADD: if (RV32B != RV32BNone) adder_op_a_shift2 = 1'b1;
                                                                 |
Error   : Parsing error. [VLOGPT-1] [read_hdl]
        : Expecting a statement in file '/home/usr8/work_space/sky130_cds/synth/rtl_IBEX/ibex_alu.sv' on line 76, column 66.
      ALU_SH3ADD: if (RV32B != RV32BNone) adder_op_a_shift3 = 1'b1;
                |
Error   : Parsing error. [VLOGPT-1] [read_hdl]
        : Expecting a statement in file '/home/usr8/work_space/sky130_cds/synth/rtl_IBEX/ibex_alu.sv' on line 77, column 17.
      ALU_SH3ADD: if (RV32B != RV32BNone) adder_op_a_shift3 = 1'b1;
                             |
Error   : Parsing error. [VLOGPT-1] [read_hdl]
        : Expecting a statement in file '/home/usr8/work_space/sky130_cds/synth/rtl_IBEX/ibex_alu.sv' on line 77, column 30.
      ALU_SH3ADD: if (RV32B != RV32BNone) adder_op_a_shift3 = 1'b1;
                                                            |
Error   : Parsing error. [VLOGPT-1] [read_hdl]
        : Expecting a statement in file '/home/usr8/work_space/sky130_cds/synth/rtl_IBEX/ibex_alu.sv' on line 77, column 61.
Warning : Maximum message print count reached. [MESG-11]
        : Maximum print count of '20' reached for message 'VLOGPT-1'.
      ALU_SH1ADD: if (RV32B != RV32BNone) adder_op_a_shift1 = 1'b1;
                               |
Error   : Unresolved subprogram reference. [VLOGPT-203] [read_hdl]
        : Call to subprogram 'RV32BNone' in file '/home/usr8/work_space/sky130_cds/synth/rtl_IBEX/ibex_alu.sv' on line 75, column 32.
        : Error encountered during Verilog parsing.
      ALU_SH2ADD: if (RV32B != RV32BNone) adder_op_a_shift2 = 1'b1;
                               |
Error   : Unresolved subprogram reference. [VLOGPT-203] [read_hdl]
        : Call to subprogram 'RV32BNone' in file '/home/usr8/work_space/sky130_cds/synth/rtl_IBEX/ibex_alu.sv' on line 76, column 32.
      ALU_SH3ADD: if (RV32B != RV32BNone) adder_op_a_shift3 = 1'b1;
                               |
Error   : Unresolved subprogram reference. [VLOGPT-203] [read_hdl]
        : Call to subprogram 'RV32BNone' in file '/home/usr8/work_space/sky130_cds/synth/rtl_IBEX/ibex_alu.sv' on line 77, column 32.
#@ End verbose source ./genus_script_IBEX.tcl
1
@genus:root: 2> man laguage
@genus:root: 3> help read_
No help entry for read_
@genus:root: 4> man read_
@genus:root: 5> read_hdl -language -sv $my_verilog_files
Error   : Incorrect string specified for '-language' option of read_hdl command. [HDL-19] [read_hdl]
        : Incorrect option for language '-sv'
        : Use one of the following options for language: 'v1995', 'v2001', 'sv', 'vhdl', 'mixvlog'.
1
@genus:root: 6> read_hdl -language sv $my_verilog_files
  input  ibex_pkg::alu_op_e operator_i,
                  |
Error   : Redeclared variable. [VLOGPT-22] [read_hdl]
        : Redeclaration of 'ibex_pkg' in file '/home/usr8/work_space/sky130_cds/synth/rtl_IBEX/ibex_alu.sv' on line 12, column 19.
  import ibex_pkg::*;
                |
Error   : The referenced package does not exist.. [VLOGPT-28] [read_hdl]
        : Reference to non-existent package 'ibex_pkg' in file '/home/usr8/work_space/sky130_cds/synth/rtl_IBEX/ibex_alu.sv' on line 34, column 17.
    unique case (operator_i)
                 |
Error   : Reference to undeclared variable. A variable/parameter must be declared before it is referenced. [VLOGPT-20] [read_hdl]
        : Symbol 'operator_i' in file '/home/usr8/work_space/sky130_cds/synth/rtl_IBEX/ibex_alu.sv' on line 60, column 18.
      ALU_SUB,
      |
Error   : Reference to undeclared variable. A variable/parameter must be declared before it is referenced. [VLOGPT-20] [read_hdl]
        : Symbol 'ALU_SUB' in file '/home/usr8/work_space/sky130_cds/synth/rtl_IBEX/ibex_alu.sv' on line 62, column 7.
      ALU_EQ,   ALU_NE,
      |
Error   : Reference to undeclared variable. A variable/parameter must be declared before it is referenced. [VLOGPT-20] [read_hdl]
        : Symbol 'ALU_EQ' in file '/home/usr8/work_space/sky130_cds/synth/rtl_IBEX/ibex_alu.sv' on line 65, column 7.
      ALU_EQ,   ALU_NE,
                |
Error   : Reference to undeclared variable. A variable/parameter must be declared before it is referenced. [VLOGPT-20] [read_hdl]
        : Symbol 'ALU_NE' in file '/home/usr8/work_space/sky130_cds/synth/rtl_IBEX/ibex_alu.sv' on line 65, column 17.
      ALU_GE,   ALU_GEU,
      |
Error   : Reference to undeclared variable. A variable/parameter must be declared before it is referenced. [VLOGPT-20] [read_hdl]
        : Symbol 'ALU_GE' in file '/home/usr8/work_space/sky130_cds/synth/rtl_IBEX/ibex_alu.sv' on line 66, column 7.
      ALU_GE,   ALU_GEU,
                |
Error   : Reference to undeclared variable. A variable/parameter must be declared before it is referenced. [VLOGPT-20] [read_hdl]
        : Symbol 'ALU_GEU' in file '/home/usr8/work_space/sky130_cds/synth/rtl_IBEX/ibex_alu.sv' on line 66, column 17.
Warning : Maximum message print count reached. [MESG-11]
        : Maximum print count of '20' reached for message 'VLOGPT-20'.
      ALU_SH1ADD: if (RV32B != RV32BNone) adder_op_a_shift1 = 1'b1;
                               |
Error   : Unresolved subprogram reference. [VLOGPT-203] [read_hdl]
        : Call to subprogram 'RV32BNone' in file '/home/usr8/work_space/sky130_cds/synth/rtl_IBEX/ibex_alu.sv' on line 75, column 32.
      ALU_SH2ADD: if (RV32B != RV32BNone) adder_op_a_shift2 = 1'b1;
                               |
Error   : Unresolved subprogram reference. [VLOGPT-203] [read_hdl]
        : Call to subprogram 'RV32BNone' in file '/home/usr8/work_space/sky130_cds/synth/rtl_IBEX/ibex_alu.sv' on line 76, column 32.
      ALU_SH3ADD: if (RV32B != RV32BNone) adder_op_a_shift3 = 1'b1;
                               |
Error   : Unresolved subprogram reference. [VLOGPT-203] [read_hdl]
        : Call to subprogram 'RV32BNone' in file '/home/usr8/work_space/sky130_cds/synth/rtl_IBEX/ibex_alu.sv' on line 77, column 32.
1
@genus:root: 7> read_hdl -language mixvelog $my_verilog_files
Error   : Incorrect string specified for '-language' option of read_hdl command. [HDL-19] [read_hdl]
        : Incorrect option for language 'mixvelog'
1
